Running: /CMC/tools/xilinx/13.4/ISE_DS/ISE/bin/lin64/unwrapped/fuse -intstyle ise -incremental -o /home/student2/nrecto/TMU/4thYear/COE758/VGAController-main/src/VGAController/VGAControllerTest_isim_beh.exe -prj /home/student2/nrecto/TMU/4thYear/COE758/VGAController-main/src/VGAController/VGAControllerTest_beh.prj work.VGAControllerTest 
ISim O.87xd (signature 0x8ddf5b5d)
Number of CPUs detected in this system: 8
Turning on mult-threading, number of parallel sub-compilation jobs: 16 
Determining compilation order of HDL files
Parsing VHDL file "/home/student2/nrecto/TMU/4thYear/COE758/VGAController-main/src/VGAController/ipcore_dir/ila.vhd" into library work
Parsing VHDL file "/home/student2/nrecto/TMU/4thYear/COE758/VGAController-main/src/VGAController/ipcore_dir/icon.vhd" into library work
Parsing VHDL file "/home/student2/nrecto/TMU/4thYear/COE758/VGAController-main/src/VGAController/VGAController.vhd" into library work
Parsing VHDL file "/home/student2/nrecto/TMU/4thYear/COE758/VGAController-main/src/VGAController/VGAControllerTest.vhd" into library work
Starting static elaboration
Completed static elaboration
Fuse Memory Usage: 117436 KB
Fuse CPU Usage: 770 ms
Compiling package standard
Compiling package std_logic_1164
Compiling package numeric_std
Compiling architecture icon_a of entity icon [icon_default]
Compiling architecture ila_a of entity ila [ila_default]
Compiling architecture behavioral of entity VGAController [vgacontroller_default]
Compiling architecture behavior of entity vgacontrollertest
Time Resolution for simulation is 1ps.
Waiting for 1 sub-compilation(s) to finish...
Compiled 10 VHDL Units
Built simulation executable /home/student2/nrecto/TMU/4thYear/COE758/VGAController-main/src/VGAController/VGAControllerTest_isim_beh.exe
Fuse Memory Usage: 1213780 KB
Fuse CPU Usage: 840 ms
GCC CPU Usage: 350 ms
